Data saved to /Users/simon/Desktop/COMP30830-Bicycle-Project/JCDdata/jcdecaux_data_20250213_124500.json
Data saved to /Users/simon/Desktop/COMP30830-Bicycle-Project/JCDdata/jcdecaux_data_20250213_125000.json
Data saved to /Users/simon/Desktop/COMP30830-Bicycle-Project/JCDdata/jcdecaux_data_20250213_125501.json
Data saved to /Users/simon/Desktop/COMP30830-Bicycle-Project/JCDdata/jcdecaux_data_20250213_130001.json
Data saved to /Users/simon/Desktop/COMP30830-Bicycle-Project/JCDdata/jcdecaux_data_20250213_130503.json
Data saved to /Users/simon/Desktop/COMP30830-Bicycle-Project/JCDdata/jcdecaux_data_20250213_131001.json
Data saved to /Users/simon/Desktop/COMP30830-Bicycle-Project/JCDdata/jcdecaux_data_20250213_131501.json
Data saved to /Users/simon/Desktop/COMP30830-Bicycle-Project/JCDdata/jcdecaux_data_20250213_132001.json
Data saved to /Users/simon/Desktop/COMP30830-Bicycle-Project/JCDdata/jcdecaux_data_20250213_132501.json
Data saved to /Users/simon/Desktop/COMP30830-Bicycle-Project/JCDdata/jcdecaux_data_20250213_133001.json
Data saved to /Users/simon/Desktop/COMP30830-Bicycle-Project/JCDdata/jcdecaux_data_20250213_133500.json
Data saved to /Users/simon/Desktop/COMP30830-Bicycle-Project/JCDdata/jcdecaux_data_20250213_134001.json
Data saved to /Users/simon/Desktop/COMP30830-Bicycle-Project/JCDdata/jcdecaux_data_20250213_134500.json
Data saved to /Users/simon/Desktop/COMP30830-Bicycle-Project/JCDdata/jcdecaux_data_20250213_135001.json
Data saved to /Users/simon/Desktop/COMP30830-Bicycle-Project/JCDdata/jcdecaux_data_20250213_135501.json
Data saved to /Users/simon/Desktop/COMP30830-Bicycle-Project/JCDdata/jcdecaux_data_20250213_140001.json
Data saved to /Users/simon/Desktop/COMP30830-Bicycle-Project/JCDdata/jcdecaux_data_20250213_140501.json
Data saved to /Users/simon/Desktop/COMP30830-Bicycle-Project/JCDdata/jcdecaux_data_20250213_141000.json
Data saved to /Users/simon/Desktop/COMP30830-Bicycle-Project/JCDdata/jcdecaux_data_20250213_141501.json
Data saved to /Users/simon/Desktop/COMP30830-Bicycle-Project/JCDdata/jcdecaux_data_20250213_142001.json
Data saved to /Users/simon/Desktop/COMP30830-Bicycle-Project/JCDdata/jcdecaux_data_20250213_142502.json
Data saved to /Users/simon/Desktop/COMP30830-Bicycle-Project/JCDdata/jcdecaux_data_20250213_143000.json
Data saved to /Users/simon/Desktop/COMP30830-Bicycle-Project/JCDdata/jcdecaux_data_20250213_143501.json
Data saved to /Users/simon/Desktop/COMP30830-Bicycle-Project/JCDdata/jcdecaux_data_20250213_144001.json
Data saved to /Users/simon/Desktop/COMP30830-Bicycle-Project/JCDdata/jcdecaux_data_20250213_144502.json
Data saved to /Users/simon/Desktop/COMP30830-Bicycle-Project/JCDdata/jcdecaux_data_20250213_145002.json
Data saved to /Users/simon/Desktop/COMP30830-Bicycle-Project/JCDdata/jcdecaux_data_20250213_145502.json
Data saved to /Users/simon/Desktop/COMP30830-Bicycle-Project/JCDdata/jcdecaux_data_20250213_150001.json
Data saved to /Users/simon/Desktop/COMP30830-Bicycle-Project/JCDdata/jcdecaux_data_20250213_150501.json
Data saved to /Users/simon/Desktop/COMP30830-Bicycle-Project/JCDdata/jcdecaux_data_20250213_151001.json
Data saved to /Users/simon/Desktop/COMP30830-Bicycle-Project/JCDdata/jcdecaux_data_20250213_151501.json
Data saved to /Users/simon/Desktop/COMP30830-Bicycle-Project/JCDdata/jcdecaux_data_20250213_152002.json
Data saved to /Users/simon/Desktop/COMP30830-Bicycle-Project/JCDdata/jcdecaux_data_20250213_152501.json
Data saved to /Users/simon/Desktop/COMP30830-Bicycle-Project/JCDdata/jcdecaux_data_20250213_153002.json
Data saved to /Users/simon/Desktop/COMP30830-Bicycle-Project/JCDdata/jcdecaux_data_20250213_153501.json
Data saved to /Users/simon/Desktop/COMP30830-Bicycle-Project/JCDdata/jcdecaux_data_20250213_154002.json
Data saved to /Users/simon/Desktop/COMP30830-Bicycle-Project/JCDdata/jcdecaux_data_20250213_154501.json
Data saved to /Users/simon/Desktop/COMP30830-Bicycle-Project/JCDdata/jcdecaux_data_20250213_155001.json
Data saved to /Users/simon/Desktop/COMP30830-Bicycle-Project/JCDdata/jcdecaux_data_20250213_155501.json
Data saved to /Users/simon/Desktop/COMP30830-Bicycle-Project/JCDdata/jcdecaux_data_20250213_160000.json
Data saved to /Users/simon/Desktop/COMP30830-Bicycle-Project/JCDdata/jcdecaux_data_20250213_160550.json
Data saved to /Users/simon/Desktop/COMP30830-Bicycle-Project/JCDdata/jcdecaux_data_20250213_163502.json
Data saved to /Users/simon/Desktop/COMP30830-Bicycle-Project/JCDdata/jcdecaux_data_20250213_171502.json
Data saved to /Users/simon/Desktop/COMP30830-Bicycle-Project/JCDdata/jcdecaux_data_20250213_173501.json
Data saved to /Users/simon/Desktop/COMP30830-Bicycle-Project/JCDdata/jcdecaux_data_20250214_091002.json
Data saved to /Users/simon/Desktop/COMP30830-Bicycle-Project/JCDdata/jcdecaux_data_20250214_091500.json
Data saved to /Users/simon/Desktop/COMP30830-Bicycle-Project/JCDdata/jcdecaux_data_20250214_092001.json
Data saved to /Users/simon/Desktop/COMP30830-Bicycle-Project/JCDdata/jcdecaux_data_20250214_092501.json
Data saved to /Users/simon/Desktop/COMP30830-Bicycle-Project/JCDdata/jcdecaux_data_20250214_093001.json
Data saved to /Users/simon/Desktop/COMP30830-Bicycle-Project/JCDdata/jcdecaux_data_20250214_093501.json
Data saved to /Users/simon/Desktop/COMP30830-Bicycle-Project/JCDdata/jcdecaux_data_20250214_094001.json
Data saved to /Users/simon/Desktop/COMP30830-Bicycle-Project/JCDdata/jcdecaux_data_20250214_094501.json
Data saved to /Users/simon/Desktop/COMP30830-Bicycle-Project/JCDdata/jcdecaux_data_20250214_095001.json
Data saved to /Users/simon/Desktop/COMP30830-Bicycle-Project/JCDdata/jcdecaux_data_20250214_095500.json
Data saved to /Users/simon/Desktop/COMP30830-Bicycle-Project/JCDdata/jcdecaux_data_20250214_100000.json
Data saved to /Users/simon/Desktop/COMP30830-Bicycle-Project/JCDdata/jcdecaux_data_20250214_100501.json
Data saved to /Users/simon/Desktop/COMP30830-Bicycle-Project/JCDdata/jcdecaux_data_20250214_101000.json
Data saved to /Users/simon/Desktop/COMP30830-Bicycle-Project/JCDdata/jcdecaux_data_20250214_101501.json
Data saved to /Users/simon/Desktop/COMP30830-Bicycle-Project/JCDdata/jcdecaux_data_20250214_102442.json
Data saved to /Users/simon/Desktop/COMP30830-Bicycle-Project/JCDdata/jcdecaux_data_20250214_102501.json
Data saved to /Users/simon/Desktop/COMP30830-Bicycle-Project/JCDdata/jcdecaux_data_20250214_103001.json
Data saved to /Users/simon/Desktop/COMP30830-Bicycle-Project/JCDdata/jcdecaux_data_20250214_111002.json
Data saved to /Users/simon/Desktop/COMP30830-Bicycle-Project/JCDdata/jcdecaux_data_20250214_111501.json
Data saved to /Users/simon/Desktop/COMP30830-Bicycle-Project/JCDdata/jcdecaux_data_20250214_112000.json
Data saved to /Users/simon/Desktop/COMP30830-Bicycle-Project/JCDdata/jcdecaux_data_20250214_112501.json
Data saved to /Users/simon/Desktop/COMP30830-Bicycle-Project/JCDdata/jcdecaux_data_20250214_113001.json
Data saved to /Users/simon/Desktop/COMP30830-Bicycle-Project/JCDdata/jcdecaux_data_20250214_113501.json
Data saved to /Users/simon/Desktop/COMP30830-Bicycle-Project/JCDdata/jcdecaux_data_20250214_114001.json
Data saved to /Users/simon/Desktop/COMP30830-Bicycle-Project/JCDdata/jcdecaux_data_20250214_114501.json
Data saved to /Users/simon/Desktop/COMP30830-Bicycle-Project/JCDdata/jcdecaux_data_20250214_115000.json
Data saved to /Users/simon/Desktop/COMP30830-Bicycle-Project/JCDdata/jcdecaux_data_20250214_115501.json
Data saved to /Users/simon/Desktop/COMP30830-Bicycle-Project/JCDdata/jcdecaux_data_20250214_120002.json
Data saved to /Users/simon/Desktop/COMP30830-Bicycle-Project/JCDdata/jcdecaux_data_20250214_120501.json
Data saved to /Users/simon/Desktop/COMP30830-Bicycle-Project/JCDdata/jcdecaux_data_20250214_121001.json
Data saved to /Users/simon/Desktop/COMP30830-Bicycle-Project/JCDdata/jcdecaux_data_20250214_121502.json
Data saved to /Users/simon/Desktop/COMP30830-Bicycle-Project/JCDdata/jcdecaux_data_20250214_122001.json
Data saved to /Users/simon/Desktop/COMP30830-Bicycle-Project/JCDdata/jcdecaux_data_20250214_122502.json
Data saved to /Users/simon/Desktop/COMP30830-Bicycle-Project/JCDdata/jcdecaux_data_20250214_123001.json
Data saved to /Users/simon/Desktop/COMP30830-Bicycle-Project/JCDdata/jcdecaux_data_20250214_123501.json
Data saved to /Users/simon/Desktop/COMP30830-Bicycle-Project/JCDdata/jcdecaux_data_20250214_124001.json
Data saved to /Users/simon/Desktop/COMP30830-Bicycle-Project/JCDdata/jcdecaux_data_20250214_124501.json
Data saved to /Users/simon/Desktop/COMP30830-Bicycle-Project/JCDdata/jcdecaux_data_20250214_125000.json
Data saved to /Users/simon/Desktop/COMP30830-Bicycle-Project/JCDdata/jcdecaux_data_20250214_125501.json
Data saved to /Users/simon/Desktop/COMP30830-Bicycle-Project/JCDdata/jcdecaux_data_20250214_130025.json
Data saved to /Users/simon/Desktop/COMP30830-Bicycle-Project/JCDdata/jcdecaux_data_20250214_130500.json
Data saved to /Users/simon/Desktop/COMP30830-Bicycle-Project/JCDdata/jcdecaux_data_20250214_131001.json
Data saved to /Users/simon/Desktop/COMP30830-Bicycle-Project/JCDdata/jcdecaux_data_20250214_131501.json
Data saved to /Users/simon/Desktop/COMP30830-Bicycle-Project/JCDdata/jcdecaux_data_20250214_133501.json
Data saved to /Users/simon/Desktop/COMP30830-Bicycle-Project/JCDdata/jcdecaux_data_20250214_134001.json
Data saved to /Users/simon/Desktop/COMP30830-Bicycle-Project/JCDdata/jcdecaux_data_20250214_134501.json
Data saved to /Users/simon/Desktop/COMP30830-Bicycle-Project/JCDdata/jcdecaux_data_20250214_135001.json
Data saved to /Users/simon/Desktop/COMP30830-Bicycle-Project/JCDdata/jcdecaux_data_20250214_135502.json
Data saved to /Users/simon/Desktop/COMP30830-Bicycle-Project/JCDdata/jcdecaux_data_20250214_140001.json
Data saved to /Users/simon/Desktop/COMP30830-Bicycle-Project/JCDdata/jcdecaux_data_20250214_140501.json
Data saved to /Users/simon/Desktop/COMP30830-Bicycle-Project/JCDdata/jcdecaux_data_20250214_141000.json
Data saved to /Users/simon/Desktop/COMP30830-Bicycle-Project/JCDdata/jcdecaux_data_20250214_141501.json
Data saved to /Users/simon/Desktop/COMP30830-Bicycle-Project/JCDdata/jcdecaux_data_20250214_142001.json
Data saved to /Users/simon/Desktop/COMP30830-Bicycle-Project/JCDdata/jcdecaux_data_20250214_142501.json
Data saved to /Users/simon/Desktop/COMP30830-Bicycle-Project/JCDdata/jcdecaux_data_20250214_143001.json
Data saved to /Users/simon/Desktop/COMP30830-Bicycle-Project/JCDdata/jcdecaux_data_20250214_143501.json
Data saved to /Users/simon/Desktop/COMP30830-Bicycle-Project/JCDdata/jcdecaux_data_20250214_144001.json
Data saved to /Users/simon/Desktop/COMP30830-Bicycle-Project/JCDdata/jcdecaux_data_20250214_144502.json
Data saved to /Users/simon/Desktop/COMP30830-Bicycle-Project/JCDdata/jcdecaux_data_20250214_145002.json
Data saved to /Users/simon/Desktop/COMP30830-Bicycle-Project/JCDdata/jcdecaux_data_20250214_145501.json
Data saved to /Users/simon/Desktop/COMP30830-Bicycle-Project/JCDdata/jcdecaux_data_20250214_150002.json
Data saved to /Users/simon/Desktop/COMP30830-Bicycle-Project/JCDdata/jcdecaux_data_20250214_161002.json
Data saved to /Users/simon/Desktop/COMP30830-Bicycle-Project/JCDdata/jcdecaux_data_20250214_161501.json
Data saved to /Users/simon/Desktop/COMP30830-Bicycle-Project/JCDdata/jcdecaux_data_20250214_162000.json
Data saved to /Users/simon/Desktop/COMP30830-Bicycle-Project/JCDdata/jcdecaux_data_20250214_162501.json
Data saved to /Users/simon/Desktop/COMP30830-Bicycle-Project/JCDdata/jcdecaux_data_20250214_163001.json
Data saved to /Users/simon/Desktop/COMP30830-Bicycle-Project/JCDdata/jcdecaux_data_20250214_163500.json
Data saved to /Users/simon/Desktop/COMP30830-Bicycle-Project/JCDdata/jcdecaux_data_20250214_164001.json
Data saved to /Users/simon/Desktop/COMP30830-Bicycle-Project/JCDdata/jcdecaux_data_20250214_164500.json
Data saved to /Users/simon/Desktop/COMP30830-Bicycle-Project/JCDdata/jcdecaux_data_20250214_165001.json
Data saved to /Users/simon/Desktop/COMP30830-Bicycle-Project/JCDdata/jcdecaux_data_20250214_165501.json
Data saved to /Users/simon/Desktop/COMP30830-Bicycle-Project/JCDdata/jcdecaux_data_20250214_170001.json
Data saved to /Users/simon/Desktop/COMP30830-Bicycle-Project/JCDdata/jcdecaux_data_20250214_170502.json
Data saved to /Users/simon/Desktop/COMP30830-Bicycle-Project/JCDdata/jcdecaux_data_20250214_171001.json
Data saved to /Users/simon/Desktop/COMP30830-Bicycle-Project/JCDdata/jcdecaux_data_20250214_171501.json
Data saved to /Users/simon/Desktop/COMP30830-Bicycle-Project/JCDdata/jcdecaux_data_20250214_172001.json
Data saved to /Users/simon/Desktop/COMP30830-Bicycle-Project/JCDdata/jcdecaux_data_20250214_172502.json
Data saved to /Users/simon/Desktop/COMP30830-Bicycle-Project/JCDdata/jcdecaux_data_20250214_173000.json
Data saved to /Users/simon/Desktop/COMP30830-Bicycle-Project/JCDdata/jcdecaux_data_20250214_173501.json
Data saved to /Users/simon/Desktop/COMP30830-Bicycle-Project/JCDdata/jcdecaux_data_20250214_174001.json
Data saved to /Users/simon/Desktop/COMP30830-Bicycle-Project/JCDdata/jcdecaux_data_20250214_174501.json
Data saved to /Users/simon/Desktop/COMP30830-Bicycle-Project/JCDdata/jcdecaux_data_20250214_175001.json
Data saved to /Users/simon/Desktop/COMP30830-Bicycle-Project/JCDdata/jcdecaux_data_20250214_175501.json
Data saved to /Users/simon/Desktop/COMP30830-Bicycle-Project/JCDdata/jcdecaux_data_20250214_180001.json
Data saved to /Users/simon/Desktop/COMP30830-Bicycle-Project/JCDdata/jcdecaux_data_20250214_180500.json
Data saved to /Users/simon/Desktop/COMP30830-Bicycle-Project/JCDdata/jcdecaux_data_20250214_181002.json
Data saved to /Users/simon/Desktop/COMP30830-Bicycle-Project/JCDdata/jcdecaux_data_20250214_192001.json
Data saved to /Users/simon/Desktop/COMP30830-Bicycle-Project/JCDdata/jcdecaux_data_20250214_194001.json
Data saved to /Users/simon/Desktop/COMP30830-Bicycle-Project/JCDdata/jcdecaux_data_20250214_195153.json
Data saved to /Users/simon/Desktop/COMP30830-Bicycle-Project/JCDdata/jcdecaux_data_20250214_195501.json
Data saved to /Users/simon/Desktop/COMP30830-Bicycle-Project/JCDdata/jcdecaux_data_20250214_200657.json
Data saved to /Users/simon/Desktop/COMP30830-Bicycle-Project/JCDdata/jcdecaux_data_20250214_203001.json
Data saved to /Users/simon/Desktop/COMP30830-Bicycle-Project/JCDdata/jcdecaux_data_20250214_203501.json
Data saved to /Users/simon/Desktop/COMP30830-Bicycle-Project/JCDdata/jcdecaux_data_20250214_204000.json
Data saved to /Users/simon/Desktop/COMP30830-Bicycle-Project/JCDdata/jcdecaux_data_20250214_204501.json
Data saved to /Users/simon/Desktop/COMP30830-Bicycle-Project/JCDdata/jcdecaux_data_20250214_205000.json
Data saved to /Users/simon/Desktop/COMP30830-Bicycle-Project/JCDdata/jcdecaux_data_20250214_205501.json
Data saved to /Users/simon/Desktop/COMP30830-Bicycle-Project/JCDdata/jcdecaux_data_20250214_210001.json
Data saved to /Users/simon/Desktop/COMP30830-Bicycle-Project/JCDdata/jcdecaux_data_20250214_210500.json
Data saved to /Users/simon/Desktop/COMP30830-Bicycle-Project/JCDdata/jcdecaux_data_20250214_211001.json
Data saved to /Users/simon/Desktop/COMP30830-Bicycle-Project/JCDdata/jcdecaux_data_20250214_211501.json
Data saved to /Users/simon/Desktop/COMP30830-Bicycle-Project/JCDdata/jcdecaux_data_20250214_212001.json
Data saved to /Users/simon/Desktop/COMP30830-Bicycle-Project/JCDdata/jcdecaux_data_20250214_212501.json
Data saved to /Users/simon/Desktop/COMP30830-Bicycle-Project/JCDdata/jcdecaux_data_20250214_213001.json
Data saved to /Users/simon/Desktop/COMP30830-Bicycle-Project/JCDdata/jcdecaux_data_20250214_222502.json
Data saved to /Users/simon/Desktop/COMP30830-Bicycle-Project/JCDdata/jcdecaux_data_20250214_224502.json
Data saved to /Users/simon/Desktop/COMP30830-Bicycle-Project/JCDdata/jcdecaux_data_20250214_230803.json
Data saved to /Users/simon/Desktop/COMP30830-Bicycle-Project/JCDdata/jcdecaux_data_20250214_231001.json
Data saved to /Users/simon/Desktop/COMP30830-Bicycle-Project/JCDdata/jcdecaux_data_20250215_091502.json
Data saved to /Users/simon/Desktop/COMP30830-Bicycle-Project/JCDdata/jcdecaux_data_20250215_092001.json
Data saved to /Users/simon/Desktop/COMP30830-Bicycle-Project/JCDdata/jcdecaux_data_20250215_092502.json
Data saved to /Users/simon/Desktop/COMP30830-Bicycle-Project/JCDdata/jcdecaux_data_20250215_103002.json
Data saved to /Users/simon/Desktop/COMP30830-Bicycle-Project/JCDdata/jcdecaux_data_20250215_103526.json
Data saved to /Users/simon/Desktop/COMP30830-Bicycle-Project/JCDdata/jcdecaux_data_20250215_104001.json
Data saved to /Users/simon/Desktop/COMP30830-Bicycle-Project/JCDdata/jcdecaux_data_20250215_104501.json
Data saved to /Users/simon/Desktop/COMP30830-Bicycle-Project/JCDdata/jcdecaux_data_20250215_105000.json
Data saved to /Users/simon/Desktop/COMP30830-Bicycle-Project/JCDdata/jcdecaux_data_20250215_105501.json
Data saved to /Users/simon/Desktop/COMP30830-Bicycle-Project/JCDdata/jcdecaux_data_20250215_110001.json
Data saved to /Users/simon/Desktop/COMP30830-Bicycle-Project/JCDdata/jcdecaux_data_20250215_110501.json
Data saved to /Users/simon/Desktop/COMP30830-Bicycle-Project/JCDdata/jcdecaux_data_20250215_111002.json
Data saved to /Users/simon/Desktop/COMP30830-Bicycle-Project/JCDdata/jcdecaux_data_20250215_111502.json
Data saved to /Users/simon/Desktop/COMP30830-Bicycle-Project/JCDdata/jcdecaux_data_20250215_112001.json
Data saved to /Users/simon/Desktop/COMP30830-Bicycle-Project/JCDdata/jcdecaux_data_20250215_112501.json
Data saved to /Users/simon/Desktop/COMP30830-Bicycle-Project/JCDdata/jcdecaux_data_20250215_113001.json
Data saved to /Users/simon/Desktop/COMP30830-Bicycle-Project/JCDdata/jcdecaux_data_20250215_113501.json
Data saved to /Users/simon/Desktop/COMP30830-Bicycle-Project/JCDdata/jcdecaux_data_20250215_114001.json
Data saved to /Users/simon/Desktop/COMP30830-Bicycle-Project/JCDdata/jcdecaux_data_20250215_114501.json
Data saved to /Users/simon/Desktop/COMP30830-Bicycle-Project/JCDdata/jcdecaux_data_20250215_115000.json
Data saved to /Users/simon/Desktop/COMP30830-Bicycle-Project/JCDdata/jcdecaux_data_20250215_115502.json
Data saved to /Users/simon/Desktop/COMP30830-Bicycle-Project/JCDdata/jcdecaux_data_20250215_120001.json
Data saved to /Users/simon/Desktop/COMP30830-Bicycle-Project/JCDdata/jcdecaux_data_20250215_120501.json
Data saved to /Users/simon/Desktop/COMP30830-Bicycle-Project/JCDdata/jcdecaux_data_20250215_121001.json
Data saved to /Users/simon/Desktop/COMP30830-Bicycle-Project/JCDdata/jcdecaux_data_20250215_121501.json
Data saved to /Users/simon/Desktop/COMP30830-Bicycle-Project/JCDdata/jcdecaux_data_20250215_122001.json
Data saved to /Users/simon/Desktop/COMP30830-Bicycle-Project/JCDdata/jcdecaux_data_20250215_122501.json
Data saved to /Users/simon/Desktop/COMP30830-Bicycle-Project/JCDdata/jcdecaux_data_20250215_123001.json
Data saved to /Users/simon/Desktop/COMP30830-Bicycle-Project/JCDdata/jcdecaux_data_20250215_123501.json
Data saved to /Users/simon/Desktop/COMP30830-Bicycle-Project/JCDdata/jcdecaux_data_20250215_124001.json
Data saved to /Users/simon/Desktop/COMP30830-Bicycle-Project/JCDdata/jcdecaux_data_20250215_124526.json
Data saved to /Users/simon/Desktop/COMP30830-Bicycle-Project/JCDdata/jcdecaux_data_20250215_125001.json
Data saved to /Users/simon/Desktop/COMP30830-Bicycle-Project/JCDdata/jcdecaux_data_20250215_125500.json
Data saved to /Users/simon/Desktop/COMP30830-Bicycle-Project/JCDdata/jcdecaux_data_20250215_130002.json
Data saved to /Users/simon/Desktop/COMP30830-Bicycle-Project/JCDdata/jcdecaux_data_20250215_130730.json
Data saved to /Users/simon/Desktop/COMP30830-Bicycle-Project/JCDdata/jcdecaux_data_20250215_132501.json
Data saved to /Users/simon/Desktop/COMP30830-Bicycle-Project/JCDdata/jcdecaux_data_20250215_133001.json
Data saved to /Users/simon/Desktop/COMP30830-Bicycle-Project/JCDdata/jcdecaux_data_20250215_133501.json
Data saved to /Users/simon/Desktop/COMP30830-Bicycle-Project/JCDdata/jcdecaux_data_20250215_134001.json
Data saved to /Users/simon/Desktop/COMP30830-Bicycle-Project/JCDdata/jcdecaux_data_20250215_134500.json
Data saved to /Users/simon/Desktop/COMP30830-Bicycle-Project/JCDdata/jcdecaux_data_20250215_135026.json
Data saved to /Users/simon/Desktop/COMP30830-Bicycle-Project/JCDdata/jcdecaux_data_20250215_135500.json
Data saved to /Users/simon/Desktop/COMP30830-Bicycle-Project/JCDdata/jcdecaux_data_20250215_140000.json
Data saved to /Users/simon/Desktop/COMP30830-Bicycle-Project/JCDdata/jcdecaux_data_20250215_140501.json
Data saved to /Users/simon/Desktop/COMP30830-Bicycle-Project/JCDdata/jcdecaux_data_20250215_141000.json
Data saved to /Users/simon/Desktop/COMP30830-Bicycle-Project/JCDdata/jcdecaux_data_20250215_141501.json
Data saved to /Users/simon/Desktop/COMP30830-Bicycle-Project/JCDdata/jcdecaux_data_20250215_142001.json
Data saved to /Users/simon/Desktop/COMP30830-Bicycle-Project/JCDdata/jcdecaux_data_20250215_142610.json
Data saved to /Users/simon/Desktop/COMP30830-Bicycle-Project/JCDdata/jcdecaux_data_20250215_143002.json
Data saved to /Users/simon/Desktop/COMP30830-Bicycle-Project/JCDdata/jcdecaux_data_20250215_143502.json
Data saved to /Users/simon/Desktop/COMP30830-Bicycle-Project/JCDdata/jcdecaux_data_20250215_144001.json
Data saved to /Users/simon/Desktop/COMP30830-Bicycle-Project/JCDdata/jcdecaux_data_20250215_144501.json
Data saved to /Users/simon/Desktop/COMP30830-Bicycle-Project/JCDdata/jcdecaux_data_20250215_145000.json
Data saved to /Users/simon/Desktop/COMP30830-Bicycle-Project/JCDdata/jcdecaux_data_20250215_145502.json
Data saved to /Users/simon/Desktop/COMP30830-Bicycle-Project/JCDdata/jcdecaux_data_20250215_150001.json
Data saved to /Users/simon/Desktop/COMP30830-Bicycle-Project/JCDdata/jcdecaux_data_20250215_150501.json
Data saved to /Users/simon/Desktop/COMP30830-Bicycle-Project/JCDdata/jcdecaux_data_20250215_151001.json
Data saved to /Users/simon/Desktop/COMP30830-Bicycle-Project/JCDdata/jcdecaux_data_20250215_151500.json
Data saved to /Users/simon/Desktop/COMP30830-Bicycle-Project/JCDdata/jcdecaux_data_20250215_152001.json
Data saved to /Users/simon/Desktop/COMP30830-Bicycle-Project/JCDdata/jcdecaux_data_20250215_152501.json
Data saved to /Users/simon/Desktop/COMP30830-Bicycle-Project/JCDdata/jcdecaux_data_20250215_153001.json
Data saved to /Users/simon/Desktop/COMP30830-Bicycle-Project/JCDdata/jcdecaux_data_20250215_153502.json
Data saved to /Users/simon/Desktop/COMP30830-Bicycle-Project/JCDdata/jcdecaux_data_20250215_154001.json
Data saved to /Users/simon/Desktop/COMP30830-Bicycle-Project/JCDdata/jcdecaux_data_20250215_154501.json
Data saved to /Users/simon/Desktop/COMP30830-Bicycle-Project/JCDdata/jcdecaux_data_20250215_155002.json
Data saved to /Users/simon/Desktop/COMP30830-Bicycle-Project/JCDdata/jcdecaux_data_20250215_155502.json
Data saved to /Users/simon/Desktop/COMP30830-Bicycle-Project/JCDdata/jcdecaux_data_20250215_160027.json
Data saved to /Users/simon/Desktop/COMP30830-Bicycle-Project/JCDdata/jcdecaux_data_20250215_160502.json
Data saved to /Users/simon/Desktop/COMP30830-Bicycle-Project/JCDdata/jcdecaux_data_20250215_161002.json
Data saved to /Users/simon/Desktop/COMP30830-Bicycle-Project/JCDdata/jcdecaux_data_20250215_161501.json
Data saved to /Users/simon/Desktop/COMP30830-Bicycle-Project/JCDdata/jcdecaux_data_20250215_162002.json
Data saved to /Users/simon/Desktop/COMP30830-Bicycle-Project/JCDdata/jcdecaux_data_20250215_162501.json
Data saved to /Users/simon/Desktop/COMP30830-Bicycle-Project/JCDdata/jcdecaux_data_20250215_163001.json
Data saved to /Users/simon/Desktop/COMP30830-Bicycle-Project/JCDdata/jcdecaux_data_20250215_163501.json
Data saved to /Users/simon/Desktop/COMP30830-Bicycle-Project/JCDdata/jcdecaux_data_20250215_164002.json
Data saved to /Users/simon/Desktop/COMP30830-Bicycle-Project/JCDdata/jcdecaux_data_20250215_164502.json
Data saved to /Users/simon/Desktop/COMP30830-Bicycle-Project/JCDdata/jcdecaux_data_20250215_165001.json
Data saved to /Users/simon/Desktop/COMP30830-Bicycle-Project/JCDdata/jcdecaux_data_20250215_165501.json
Data saved to /Users/simon/Desktop/COMP30830-Bicycle-Project/JCDdata/jcdecaux_data_20250215_170001.json
Data saved to /Users/simon/Desktop/COMP30830-Bicycle-Project/JCDdata/jcdecaux_data_20250215_170502.json
Data saved to /Users/simon/Desktop/COMP30830-Bicycle-Project/JCDdata/jcdecaux_data_20250215_171002.json
Data saved to /Users/simon/Desktop/COMP30830-Bicycle-Project/JCDdata/jcdecaux_data_20250215_171500.json
Data saved to /Users/simon/Desktop/COMP30830-Bicycle-Project/JCDdata/jcdecaux_data_20250215_172001.json
Data saved to /Users/simon/Desktop/COMP30830-Bicycle-Project/JCDdata/jcdecaux_data_20250215_172501.json
Data saved to /Users/simon/Desktop/COMP30830-Bicycle-Project/JCDdata/jcdecaux_data_20250215_173002.json
Data saved to /Users/simon/Desktop/COMP30830-Bicycle-Project/JCDdata/jcdecaux_data_20250215_173501.json
Data saved to /Users/simon/Desktop/COMP30830-Bicycle-Project/JCDdata/jcdecaux_data_20250215_174001.json
Data saved to /Users/simon/Desktop/COMP30830-Bicycle-Project/JCDdata/jcdecaux_data_20250215_174502.json
Data saved to /Users/simon/Desktop/COMP30830-Bicycle-Project/JCDdata/jcdecaux_data_20250215_175002.json
Data saved to /Users/simon/Desktop/COMP30830-Bicycle-Project/JCDdata/jcdecaux_data_20250215_175501.json
Data saved to /Users/simon/Desktop/COMP30830-Bicycle-Project/JCDdata/jcdecaux_data_20250215_180001.json
Data saved to /Users/simon/Desktop/COMP30830-Bicycle-Project/JCDdata/jcdecaux_data_20250215_182501.json
Data saved to /Users/simon/Desktop/COMP30830-Bicycle-Project/JCDdata/jcdecaux_data_20250215_183001.json
Data saved to /Users/simon/Desktop/COMP30830-Bicycle-Project/JCDdata/jcdecaux_data_20250215_183501.json
Data saved to /Users/simon/Desktop/COMP30830-Bicycle-Project/JCDdata/jcdecaux_data_20250215_184001.json
Data saved to /Users/simon/Desktop/COMP30830-Bicycle-Project/JCDdata/jcdecaux_data_20250215_184501.json
Data saved to /Users/simon/Desktop/COMP30830-Bicycle-Project/JCDdata/jcdecaux_data_20250215_185001.json
Data saved to /Users/simon/Desktop/COMP30830-Bicycle-Project/JCDdata/jcdecaux_data_20250215_185501.json
Data saved to /Users/simon/Desktop/COMP30830-Bicycle-Project/JCDdata/jcdecaux_data_20250215_190002.json
Data saved to /Users/simon/Desktop/COMP30830-Bicycle-Project/JCDdata/jcdecaux_data_20250215_190501.json
Data saved to /Users/simon/Desktop/COMP30830-Bicycle-Project/JCDdata/jcdecaux_data_20250215_191002.json
Data saved to /Users/simon/Desktop/COMP30830-Bicycle-Project/JCDdata/jcdecaux_data_20250215_191501.json
Data saved to /Users/simon/Desktop/COMP30830-Bicycle-Project/JCDdata/jcdecaux_data_20250215_192002.json
Data saved to /Users/simon/Desktop/COMP30830-Bicycle-Project/JCDdata/jcdecaux_data_20250215_192501.json
Data saved to /Users/simon/Desktop/COMP30830-Bicycle-Project/JCDdata/jcdecaux_data_20250215_193002.json
Data saved to /Users/simon/Desktop/COMP30830-Bicycle-Project/JCDdata/jcdecaux_data_20250215_193501.json
Data saved to /Users/simon/Desktop/COMP30830-Bicycle-Project/JCDdata/jcdecaux_data_20250215_194002.json
Data saved to /Users/simon/Desktop/COMP30830-Bicycle-Project/JCDdata/jcdecaux_data_20250215_194501.json
Data saved to /Users/simon/Desktop/COMP30830-Bicycle-Project/JCDdata/jcdecaux_data_20250215_195001.json
Data saved to /Users/simon/Desktop/COMP30830-Bicycle-Project/JCDdata/jcdecaux_data_20250215_195501.json
Data saved to /Users/simon/Desktop/COMP30830-Bicycle-Project/JCDdata/jcdecaux_data_20250215_200001.json
Data saved to /Users/simon/Desktop/COMP30830-Bicycle-Project/JCDdata/jcdecaux_data_20250215_200501.json
Data saved to /Users/simon/Desktop/COMP30830-Bicycle-Project/JCDdata/jcdecaux_data_20250215_201002.json
Data saved to /Users/simon/Desktop/COMP30830-Bicycle-Project/JCDdata/jcdecaux_data_20250215_201501.json
Data saved to /Users/simon/Desktop/COMP30830-Bicycle-Project/JCDdata/jcdecaux_data_20250215_202026.json
Data saved to /Users/simon/Desktop/COMP30830-Bicycle-Project/JCDdata/jcdecaux_data_20250215_202500.json
Data saved to /Users/simon/Desktop/COMP30830-Bicycle-Project/JCDdata/jcdecaux_data_20250215_203001.json
Data saved to /Users/simon/Desktop/COMP30830-Bicycle-Project/JCDdata/jcdecaux_data_20250215_203501.json
Data saved to /Users/simon/Desktop/COMP30830-Bicycle-Project/JCDdata/jcdecaux_data_20250215_204001.json
Data saved to /Users/simon/Desktop/COMP30830-Bicycle-Project/JCDdata/jcdecaux_data_20250215_204501.json
Data saved to /Users/simon/Desktop/COMP30830-Bicycle-Project/JCDdata/jcdecaux_data_20250215_205002.json
Data saved to /Users/simon/Desktop/COMP30830-Bicycle-Project/JCDdata/jcdecaux_data_20250215_205501.json
Data saved to /Users/simon/Desktop/COMP30830-Bicycle-Project/JCDdata/jcdecaux_data_20250215_215455.json
Data saved to /Users/simon/Desktop/COMP30830-Bicycle-Project/JCDdata/jcdecaux_data_20250215_215500.json
Data saved to /Users/simon/Desktop/COMP30830-Bicycle-Project/JCDdata/jcdecaux_data_20250215_220001.json
Data saved to /Users/simon/Desktop/COMP30830-Bicycle-Project/JCDdata/jcdecaux_data_20250215_220501.json
Data saved to /Users/simon/Desktop/COMP30830-Bicycle-Project/JCDdata/jcdecaux_data_20250215_221002.json
Data saved to /Users/simon/Desktop/COMP30830-Bicycle-Project/JCDdata/jcdecaux_data_20250215_221503.json
Data saved to /Users/simon/Desktop/COMP30830-Bicycle-Project/JCDdata/jcdecaux_data_20250215_222002.json
Data saved to /Users/simon/Desktop/COMP30830-Bicycle-Project/JCDdata/jcdecaux_data_20250216_125502.json
Data saved to /Users/simon/Desktop/COMP30830-Bicycle-Project/JCDdata/jcdecaux_data_20250216_160000.json
Data saved to /Users/simon/Desktop/COMP30830-Bicycle-Project/JCDdata/jcdecaux_data_20250216_160501.json
Data saved to /Users/simon/Desktop/COMP30830-Bicycle-Project/JCDdata/jcdecaux_data_20250216_161000.json
Data saved to /Users/simon/Desktop/COMP30830-Bicycle-Project/JCDdata/jcdecaux_data_20250216_161501.json
Data saved to /Users/simon/Desktop/COMP30830-Bicycle-Project/JCDdata/jcdecaux_data_20250216_162001.json
Data saved to /Users/simon/Desktop/COMP30830-Bicycle-Project/JCDdata/jcdecaux_data_20250216_162500.json
Data saved to /Users/simon/Desktop/COMP30830-Bicycle-Project/JCDdata/jcdecaux_data_20250216_163001.json
Data saved to /Users/simon/Desktop/COMP30830-Bicycle-Project/JCDdata/jcdecaux_data_20250216_163501.json
Data saved to /Users/simon/Desktop/COMP30830-Bicycle-Project/JCDdata/jcdecaux_data_20250216_164001.json
Data saved to /Users/simon/Desktop/COMP30830-Bicycle-Project/JCDdata/jcdecaux_data_20250216_164500.json
Data saved to /Users/simon/Desktop/COMP30830-Bicycle-Project/JCDdata/jcdecaux_data_20250216_165000.json
Data saved to /Users/simon/Desktop/COMP30830-Bicycle-Project/JCDdata/jcdecaux_data_20250216_165500.json
Data saved to /Users/simon/Desktop/COMP30830-Bicycle-Project/JCDdata/jcdecaux_data_20250216_170000.json
Data saved to /Users/simon/Desktop/COMP30830-Bicycle-Project/JCDdata/jcdecaux_data_20250216_170500.json
Data saved to /Users/simon/Desktop/COMP30830-Bicycle-Project/JCDdata/jcdecaux_data_20250216_171000.json
Data saved to /Users/simon/Desktop/COMP30830-Bicycle-Project/JCDdata/jcdecaux_data_20250216_171500.json
Data saved to /Users/simon/Desktop/COMP30830-Bicycle-Project/JCDdata/jcdecaux_data_20250216_172000.json
Data saved to /Users/simon/Desktop/COMP30830-Bicycle-Project/JCDdata/jcdecaux_data_20250216_172500.json
Data saved to /Users/simon/Desktop/COMP30830-Bicycle-Project/JCDdata/jcdecaux_data_20250216_173001.json
Data saved to /Users/simon/Desktop/COMP30830-Bicycle-Project/JCDdata/jcdecaux_data_20250216_173501.json
Data saved to /Users/simon/Desktop/COMP30830-Bicycle-Project/JCDdata/jcdecaux_data_20250216_174001.json
Data saved to /Users/simon/Desktop/COMP30830-Bicycle-Project/JCDdata/jcdecaux_data_20250216_174501.json
Data saved to /Users/simon/Desktop/COMP30830-Bicycle-Project/JCDdata/jcdecaux_data_20250216_175000.json
Data saved to /Users/simon/Desktop/COMP30830-Bicycle-Project/JCDdata/jcdecaux_data_20250216_175501.json
Data saved to /Users/simon/Desktop/COMP30830-Bicycle-Project/JCDdata/jcdecaux_data_20250216_180002.json
Data saved to /Users/simon/Desktop/COMP30830-Bicycle-Project/JCDdata/jcdecaux_data_20250216_184003.json
Data saved to /Users/simon/Desktop/COMP30830-Bicycle-Project/JCDdata/jcdecaux_data_20250216_184502.json
Data saved to /Users/simon/Desktop/COMP30830-Bicycle-Project/JCDdata/jcdecaux_data_20250216_194734.json
Data saved to /Users/simon/Desktop/COMP30830-Bicycle-Project/JCDdata/jcdecaux_data_20250216_195002.json
Data saved to /Users/simon/Desktop/COMP30830-Bicycle-Project/JCDdata/jcdecaux_data_20250216_195501.json
Data saved to /Users/simon/Desktop/COMP30830-Bicycle-Project/JCDdata/jcdecaux_data_20250216_200000.json
Data saved to /Users/simon/Desktop/COMP30830-Bicycle-Project/JCDdata/jcdecaux_data_20250216_200501.json
Data saved to /Users/simon/Desktop/COMP30830-Bicycle-Project/JCDdata/jcdecaux_data_20250216_201001.json
Data saved to /Users/simon/Desktop/COMP30830-Bicycle-Project/JCDdata/jcdecaux_data_20250216_201501.json
Data saved to /Users/simon/Desktop/COMP30830-Bicycle-Project/JCDdata/jcdecaux_data_20250216_202000.json
Data saved to /Users/simon/Desktop/COMP30830-Bicycle-Project/JCDdata/jcdecaux_data_20250216_202500.json
Data saved to /Users/simon/Desktop/COMP30830-Bicycle-Project/JCDdata/jcdecaux_data_20250216_203002.json
Data saved to /Users/simon/Desktop/COMP30830-Bicycle-Project/JCDdata/jcdecaux_data_20250216_203502.json
Data saved to /Users/simon/Desktop/COMP30830-Bicycle-Project/JCDdata/jcdecaux_data_20250216_204001.json
Data saved to /Users/simon/Desktop/COMP30830-Bicycle-Project/JCDdata/jcdecaux_data_20250216_204501.json
Data saved to /Users/simon/Desktop/COMP30830-Bicycle-Project/JCDdata/jcdecaux_data_20250216_205002.json
Data saved to /Users/simon/Desktop/COMP30830-Bicycle-Project/JCDdata/jcdecaux_data_20250216_205501.json
Data saved to /Users/simon/Desktop/COMP30830-Bicycle-Project/JCDdata/jcdecaux_data_20250216_210001.json
Data saved to /Users/simon/Desktop/COMP30830-Bicycle-Project/JCDdata/jcdecaux_data_20250216_210503.json
Data saved to /Users/simon/Desktop/COMP30830-Bicycle-Project/JCDdata/jcdecaux_data_20250216_211002.json
Data saved to /Users/simon/Desktop/COMP30830-Bicycle-Project/JCDdata/jcdecaux_data_20250216_211502.json
Data saved to /Users/simon/Desktop/COMP30830-Bicycle-Project/JCDdata/jcdecaux_data_20250216_212001.json
Data saved to /Users/simon/Desktop/COMP30830-Bicycle-Project/JCDdata/jcdecaux_data_20250216_212501.json
Data saved to /Users/simon/Desktop/COMP30830-Bicycle-Project/JCDdata/jcdecaux_data_20250216_213000.json
Data saved to /Users/simon/Desktop/COMP30830-Bicycle-Project/JCDdata/jcdecaux_data_20250216_213501.json
Data saved to /Users/simon/Desktop/COMP30830-Bicycle-Project/JCDdata/jcdecaux_data_20250216_214000.json
Data saved to /Users/simon/Desktop/COMP30830-Bicycle-Project/JCDdata/jcdecaux_data_20250216_214500.json
Data saved to /Users/simon/Desktop/COMP30830-Bicycle-Project/JCDdata/jcdecaux_data_20250216_215000.json
Data saved to /Users/simon/Desktop/COMP30830-Bicycle-Project/JCDdata/jcdecaux_data_20250216_215501.json
Data saved to /Users/simon/Desktop/COMP30830-Bicycle-Project/JCDdata/jcdecaux_data_20250216_220001.json
Data saved to /Users/simon/Desktop/COMP30830-Bicycle-Project/JCDdata/jcdecaux_data_20250216_220501.json
Data saved to /Users/simon/Desktop/COMP30830-Bicycle-Project/JCDdata/jcdecaux_data_20250216_221002.json
Data saved to /Users/simon/Desktop/COMP30830-Bicycle-Project/JCDdata/jcdecaux_data_20250216_221502.json
Data saved to /Users/simon/Desktop/COMP30830-Bicycle-Project/JCDdata/jcdecaux_data_20250216_222001.json
Data saved to /Users/simon/Desktop/COMP30830-Bicycle-Project/JCDdata/jcdecaux_data_20250216_222501.json
Data saved to /Users/simon/Desktop/COMP30830-Bicycle-Project/JCDdata/jcdecaux_data_20250216_223002.json
Data saved to /Users/simon/Desktop/COMP30830-Bicycle-Project/JCDdata/jcdecaux_data_20250216_223501.json
Traceback (most recent call last):
  File "/opt/anaconda3/envs/COMP30830_Python3.12/lib/python3.13/site-packages/urllib3/connection.py", line 198, in _new_conn
    sock = connection.create_connection(
        (self._dns_host, self.port),
    ...<2 lines>...
        socket_options=self.socket_options,
    )
  File "/opt/anaconda3/envs/COMP30830_Python3.12/lib/python3.13/site-packages/urllib3/util/connection.py", line 60, in create_connection
    for res in socket.getaddrinfo(host, port, family, socket.SOCK_STREAM):
               ~~~~~~~~~~~~~~~~~~^^^^^^^^^^^^^^^^^^^^^^^^^^^^^^^^^^^^^^^^
  File "/opt/anaconda3/envs/COMP30830_Python3.12/lib/python3.13/socket.py", line 975, in getaddrinfo
    for res in _socket.getaddrinfo(host, port, family, type, proto, flags):
               ~~~~~~~~~~~~~~~~~~~^^^^^^^^^^^^^^^^^^^^^^^^^^^^^^^^^^^^^^^^
socket.gaierror: [Errno 8] nodename nor servname provided, or not known

The above exception was the direct cause of the following exception:

Traceback (most recent call last):
  File "/opt/anaconda3/envs/COMP30830_Python3.12/lib/python3.13/site-packages/urllib3/connectionpool.py", line 787, in urlopen
    response = self._make_request(
        conn,
    ...<10 lines>...
        **response_kw,
    )
  File "/opt/anaconda3/envs/COMP30830_Python3.12/lib/python3.13/site-packages/urllib3/connectionpool.py", line 488, in _make_request
    raise new_e
  File "/opt/anaconda3/envs/COMP30830_Python3.12/lib/python3.13/site-packages/urllib3/connectionpool.py", line 464, in _make_request
    self._validate_conn(conn)
    ~~~~~~~~~~~~~~~~~~~^^^^^^
  File "/opt/anaconda3/envs/COMP30830_Python3.12/lib/python3.13/site-packages/urllib3/connectionpool.py", line 1093, in _validate_conn
    conn.connect()
    ~~~~~~~~~~~~^^
  File "/opt/anaconda3/envs/COMP30830_Python3.12/lib/python3.13/site-packages/urllib3/connection.py", line 704, in connect
    self.sock = sock = self._new_conn()
                       ~~~~~~~~~~~~~~^^
  File "/opt/anaconda3/envs/COMP30830_Python3.12/lib/python3.13/site-packages/urllib3/connection.py", line 205, in _new_conn
    raise NameResolutionError(self.host, self, e) from e
urllib3.exceptions.NameResolutionError: <urllib3.connection.HTTPSConnection object at 0x1065ecad0>: Failed to resolve 'api.jcdecaux.com' ([Errno 8] nodename nor servname provided, or not known)

The above exception was the direct cause of the following exception:

Traceback (most recent call last):
  File "/opt/anaconda3/envs/COMP30830_Python3.12/lib/python3.13/site-packages/requests/adapters.py", line 667, in send
    resp = conn.urlopen(
        method=request.method,
    ...<9 lines>...
        chunked=chunked,
    )
  File "/opt/anaconda3/envs/COMP30830_Python3.12/lib/python3.13/site-packages/urllib3/connectionpool.py", line 841, in urlopen
    retries = retries.increment(
        method, url, error=new_e, _pool=self, _stacktrace=sys.exc_info()[2]
    )
  File "/opt/anaconda3/envs/COMP30830_Python3.12/lib/python3.13/site-packages/urllib3/util/retry.py", line 519, in increment
    raise MaxRetryError(_pool, url, reason) from reason  # type: ignore[arg-type]
    ^^^^^^^^^^^^^^^^^^^^^^^^^^^^^^^^^^^^^^^^^^^^^^^^^^^
urllib3.exceptions.MaxRetryError: HTTPSConnectionPool(host='api.jcdecaux.com', port=443): Max retries exceeded with url: /vls/v1/stations?contract=dublin&apiKey=9347a60de1bf35e15ebac63cbeb87be30214d8b0 (Caused by NameResolutionError("<urllib3.connection.HTTPSConnection object at 0x1065ecad0>: Failed to resolve 'api.jcdecaux.com' ([Errno 8] nodename nor servname provided, or not known)"))

During handling of the above exception, another exception occurred:

Traceback (most recent call last):
  File "/Users/simon/Desktop/COMP30830-Bicycle-Project/JCD_Download_Data.py", line 42, in <module>
    main()
    ~~~~^^
  File "/Users/simon/Desktop/COMP30830-Bicycle-Project/JCD_Download_Data.py", line 24, in main
    data = get_jcdecaux_data(API_KEY, CONTRACT)
  File "/Users/simon/Desktop/COMP30830-Bicycle-Project/JCD_Download_Data.py", line 18, in get_jcdecaux_data
    response = requests.get(url)
  File "/opt/anaconda3/envs/COMP30830_Python3.12/lib/python3.13/site-packages/requests/api.py", line 73, in get
    return request("get", url, params=params, **kwargs)
  File "/opt/anaconda3/envs/COMP30830_Python3.12/lib/python3.13/site-packages/requests/api.py", line 59, in request
    return session.request(method=method, url=url, **kwargs)
           ~~~~~~~~~~~~~~~^^^^^^^^^^^^^^^^^^^^^^^^^^^^^^^^^^
  File "/opt/anaconda3/envs/COMP30830_Python3.12/lib/python3.13/site-packages/requests/sessions.py", line 589, in request
    resp = self.send(prep, **send_kwargs)
  File "/opt/anaconda3/envs/COMP30830_Python3.12/lib/python3.13/site-packages/requests/sessions.py", line 703, in send
    r = adapter.send(request, **kwargs)
  File "/opt/anaconda3/envs/COMP30830_Python3.12/lib/python3.13/site-packages/requests/adapters.py", line 700, in send
    raise ConnectionError(e, request=request)
requests.exceptions.ConnectionError: HTTPSConnectionPool(host='api.jcdecaux.com', port=443): Max retries exceeded with url: /vls/v1/stations?contract=dublin&apiKey=9347a60de1bf35e15ebac63cbeb87be30214d8b0 (Caused by NameResolutionError("<urllib3.connection.HTTPSConnection object at 0x1065ecad0>: Failed to resolve 'api.jcdecaux.com' ([Errno 8] nodename nor servname provided, or not known)"))
Traceback (most recent call last):
  File "/opt/anaconda3/envs/COMP30830_Python3.12/lib/python3.13/site-packages/urllib3/connection.py", line 198, in _new_conn
    sock = connection.create_connection(
        (self._dns_host, self.port),
    ...<2 lines>...
        socket_options=self.socket_options,
    )
  File "/opt/anaconda3/envs/COMP30830_Python3.12/lib/python3.13/site-packages/urllib3/util/connection.py", line 60, in create_connection
    for res in socket.getaddrinfo(host, port, family, socket.SOCK_STREAM):
               ~~~~~~~~~~~~~~~~~~^^^^^^^^^^^^^^^^^^^^^^^^^^^^^^^^^^^^^^^^
  File "/opt/anaconda3/envs/COMP30830_Python3.12/lib/python3.13/socket.py", line 975, in getaddrinfo
    for res in _socket.getaddrinfo(host, port, family, type, proto, flags):
               ~~~~~~~~~~~~~~~~~~~^^^^^^^^^^^^^^^^^^^^^^^^^^^^^^^^^^^^^^^^
socket.gaierror: [Errno 8] nodename nor servname provided, or not known

The above exception was the direct cause of the following exception:

Traceback (most recent call last):
  File "/opt/anaconda3/envs/COMP30830_Python3.12/lib/python3.13/site-packages/urllib3/connectionpool.py", line 787, in urlopen
    response = self._make_request(
        conn,
    ...<10 lines>...
        **response_kw,
    )
  File "/opt/anaconda3/envs/COMP30830_Python3.12/lib/python3.13/site-packages/urllib3/connectionpool.py", line 488, in _make_request
    raise new_e
  File "/opt/anaconda3/envs/COMP30830_Python3.12/lib/python3.13/site-packages/urllib3/connectionpool.py", line 464, in _make_request
    self._validate_conn(conn)
    ~~~~~~~~~~~~~~~~~~~^^^^^^
  File "/opt/anaconda3/envs/COMP30830_Python3.12/lib/python3.13/site-packages/urllib3/connectionpool.py", line 1093, in _validate_conn
    conn.connect()
    ~~~~~~~~~~~~^^
  File "/opt/anaconda3/envs/COMP30830_Python3.12/lib/python3.13/site-packages/urllib3/connection.py", line 704, in connect
    self.sock = sock = self._new_conn()
                       ~~~~~~~~~~~~~~^^
  File "/opt/anaconda3/envs/COMP30830_Python3.12/lib/python3.13/site-packages/urllib3/connection.py", line 205, in _new_conn
    raise NameResolutionError(self.host, self, e) from e
urllib3.exceptions.NameResolutionError: <urllib3.connection.HTTPSConnection object at 0x109664ad0>: Failed to resolve 'api.jcdecaux.com' ([Errno 8] nodename nor servname provided, or not known)

The above exception was the direct cause of the following exception:

Traceback (most recent call last):
  File "/opt/anaconda3/envs/COMP30830_Python3.12/lib/python3.13/site-packages/requests/adapters.py", line 667, in send
    resp = conn.urlopen(
        method=request.method,
    ...<9 lines>...
        chunked=chunked,
    )
  File "/opt/anaconda3/envs/COMP30830_Python3.12/lib/python3.13/site-packages/urllib3/connectionpool.py", line 841, in urlopen
    retries = retries.increment(
        method, url, error=new_e, _pool=self, _stacktrace=sys.exc_info()[2]
    )
  File "/opt/anaconda3/envs/COMP30830_Python3.12/lib/python3.13/site-packages/urllib3/util/retry.py", line 519, in increment
    raise MaxRetryError(_pool, url, reason) from reason  # type: ignore[arg-type]
    ^^^^^^^^^^^^^^^^^^^^^^^^^^^^^^^^^^^^^^^^^^^^^^^^^^^
urllib3.exceptions.MaxRetryError: HTTPSConnectionPool(host='api.jcdecaux.com', port=443): Max retries exceeded with url: /vls/v1/stations?contract=dublin&apiKey=9347a60de1bf35e15ebac63cbeb87be30214d8b0 (Caused by NameResolutionError("<urllib3.connection.HTTPSConnection object at 0x109664ad0>: Failed to resolve 'api.jcdecaux.com' ([Errno 8] nodename nor servname provided, or not known)"))

During handling of the above exception, another exception occurred:

Traceback (most recent call last):
  File "/Users/simon/Desktop/COMP30830-Bicycle-Project/JCD_Download_Data.py", line 42, in <module>
    main()
    ~~~~^^
  File "/Users/simon/Desktop/COMP30830-Bicycle-Project/JCD_Download_Data.py", line 24, in main
    data = get_jcdecaux_data(API_KEY, CONTRACT)
  File "/Users/simon/Desktop/COMP30830-Bicycle-Project/JCD_Download_Data.py", line 18, in get_jcdecaux_data
    response = requests.get(url)
  File "/opt/anaconda3/envs/COMP30830_Python3.12/lib/python3.13/site-packages/requests/api.py", line 73, in get
    return request("get", url, params=params, **kwargs)
  File "/opt/anaconda3/envs/COMP30830_Python3.12/lib/python3.13/site-packages/requests/api.py", line 59, in request
    return session.request(method=method, url=url, **kwargs)
           ~~~~~~~~~~~~~~~^^^^^^^^^^^^^^^^^^^^^^^^^^^^^^^^^^
  File "/opt/anaconda3/envs/COMP30830_Python3.12/lib/python3.13/site-packages/requests/sessions.py", line 589, in request
    resp = self.send(prep, **send_kwargs)
  File "/opt/anaconda3/envs/COMP30830_Python3.12/lib/python3.13/site-packages/requests/sessions.py", line 703, in send
    r = adapter.send(request, **kwargs)
  File "/opt/anaconda3/envs/COMP30830_Python3.12/lib/python3.13/site-packages/requests/adapters.py", line 700, in send
    raise ConnectionError(e, request=request)
requests.exceptions.ConnectionError: HTTPSConnectionPool(host='api.jcdecaux.com', port=443): Max retries exceeded with url: /vls/v1/stations?contract=dublin&apiKey=9347a60de1bf35e15ebac63cbeb87be30214d8b0 (Caused by NameResolutionError("<urllib3.connection.HTTPSConnection object at 0x109664ad0>: Failed to resolve 'api.jcdecaux.com' ([Errno 8] nodename nor servname provided, or not known)"))
Traceback (most recent call last):
  File "/opt/anaconda3/envs/COMP30830_Python3.12/lib/python3.13/site-packages/urllib3/connection.py", line 198, in _new_conn
    sock = connection.create_connection(
        (self._dns_host, self.port),
    ...<2 lines>...
        socket_options=self.socket_options,
    )
  File "/opt/anaconda3/envs/COMP30830_Python3.12/lib/python3.13/site-packages/urllib3/util/connection.py", line 60, in create_connection
    for res in socket.getaddrinfo(host, port, family, socket.SOCK_STREAM):
               ~~~~~~~~~~~~~~~~~~^^^^^^^^^^^^^^^^^^^^^^^^^^^^^^^^^^^^^^^^
  File "/opt/anaconda3/envs/COMP30830_Python3.12/lib/python3.13/socket.py", line 975, in getaddrinfo
    for res in _socket.getaddrinfo(host, port, family, type, proto, flags):
               ~~~~~~~~~~~~~~~~~~~^^^^^^^^^^^^^^^^^^^^^^^^^^^^^^^^^^^^^^^^
socket.gaierror: [Errno 8] nodename nor servname provided, or not known

The above exception was the direct cause of the following exception:

Traceback (most recent call last):
  File "/opt/anaconda3/envs/COMP30830_Python3.12/lib/python3.13/site-packages/urllib3/connectionpool.py", line 787, in urlopen
    response = self._make_request(
        conn,
    ...<10 lines>...
        **response_kw,
    )
  File "/opt/anaconda3/envs/COMP30830_Python3.12/lib/python3.13/site-packages/urllib3/connectionpool.py", line 488, in _make_request
    raise new_e
  File "/opt/anaconda3/envs/COMP30830_Python3.12/lib/python3.13/site-packages/urllib3/connectionpool.py", line 464, in _make_request
    self._validate_conn(conn)
    ~~~~~~~~~~~~~~~~~~~^^^^^^
  File "/opt/anaconda3/envs/COMP30830_Python3.12/lib/python3.13/site-packages/urllib3/connectionpool.py", line 1093, in _validate_conn
    conn.connect()
    ~~~~~~~~~~~~^^
  File "/opt/anaconda3/envs/COMP30830_Python3.12/lib/python3.13/site-packages/urllib3/connection.py", line 704, in connect
    self.sock = sock = self._new_conn()
                       ~~~~~~~~~~~~~~^^
  File "/opt/anaconda3/envs/COMP30830_Python3.12/lib/python3.13/site-packages/urllib3/connection.py", line 205, in _new_conn
    raise NameResolutionError(self.host, self, e) from e
urllib3.exceptions.NameResolutionError: <urllib3.connection.HTTPSConnection object at 0x1051f4ad0>: Failed to resolve 'api.jcdecaux.com' ([Errno 8] nodename nor servname provided, or not known)

The above exception was the direct cause of the following exception:

Traceback (most recent call last):
  File "/opt/anaconda3/envs/COMP30830_Python3.12/lib/python3.13/site-packages/requests/adapters.py", line 667, in send
    resp = conn.urlopen(
        method=request.method,
    ...<9 lines>...
        chunked=chunked,
    )
  File "/opt/anaconda3/envs/COMP30830_Python3.12/lib/python3.13/site-packages/urllib3/connectionpool.py", line 841, in urlopen
    retries = retries.increment(
        method, url, error=new_e, _pool=self, _stacktrace=sys.exc_info()[2]
    )
  File "/opt/anaconda3/envs/COMP30830_Python3.12/lib/python3.13/site-packages/urllib3/util/retry.py", line 519, in increment
    raise MaxRetryError(_pool, url, reason) from reason  # type: ignore[arg-type]
    ^^^^^^^^^^^^^^^^^^^^^^^^^^^^^^^^^^^^^^^^^^^^^^^^^^^
urllib3.exceptions.MaxRetryError: HTTPSConnectionPool(host='api.jcdecaux.com', port=443): Max retries exceeded with url: /vls/v1/stations?contract=dublin&apiKey=9347a60de1bf35e15ebac63cbeb87be30214d8b0 (Caused by NameResolutionError("<urllib3.connection.HTTPSConnection object at 0x1051f4ad0>: Failed to resolve 'api.jcdecaux.com' ([Errno 8] nodename nor servname provided, or not known)"))

During handling of the above exception, another exception occurred:

Traceback (most recent call last):
  File "/Users/simon/Desktop/COMP30830-Bicycle-Project/JCD_Download_Data.py", line 42, in <module>
    main()
    ~~~~^^
  File "/Users/simon/Desktop/COMP30830-Bicycle-Project/JCD_Download_Data.py", line 24, in main
    data = get_jcdecaux_data(API_KEY, CONTRACT)
  File "/Users/simon/Desktop/COMP30830-Bicycle-Project/JCD_Download_Data.py", line 18, in get_jcdecaux_data
    response = requests.get(url)
  File "/opt/anaconda3/envs/COMP30830_Python3.12/lib/python3.13/site-packages/requests/api.py", line 73, in get
    return request("get", url, params=params, **kwargs)
  File "/opt/anaconda3/envs/COMP30830_Python3.12/lib/python3.13/site-packages/requests/api.py", line 59, in request
    return session.request(method=method, url=url, **kwargs)
           ~~~~~~~~~~~~~~~^^^^^^^^^^^^^^^^^^^^^^^^^^^^^^^^^^
  File "/opt/anaconda3/envs/COMP30830_Python3.12/lib/python3.13/site-packages/requests/sessions.py", line 589, in request
    resp = self.send(prep, **send_kwargs)
  File "/opt/anaconda3/envs/COMP30830_Python3.12/lib/python3.13/site-packages/requests/sessions.py", line 703, in send
    r = adapter.send(request, **kwargs)
  File "/opt/anaconda3/envs/COMP30830_Python3.12/lib/python3.13/site-packages/requests/adapters.py", line 700, in send
    raise ConnectionError(e, request=request)
requests.exceptions.ConnectionError: HTTPSConnectionPool(host='api.jcdecaux.com', port=443): Max retries exceeded with url: /vls/v1/stations?contract=dublin&apiKey=9347a60de1bf35e15ebac63cbeb87be30214d8b0 (Caused by NameResolutionError("<urllib3.connection.HTTPSConnection object at 0x1051f4ad0>: Failed to resolve 'api.jcdecaux.com' ([Errno 8] nodename nor servname provided, or not known)"))
Data saved to /Users/simon/Desktop/COMP30830-Bicycle-Project/JCDdata/jcdecaux_data_20250217_093057.json
Data saved to /Users/simon/Desktop/COMP30830-Bicycle-Project/JCDdata/jcdecaux_data_20250217_093500.json
Data saved to /Users/simon/Desktop/COMP30830-Bicycle-Project/JCDdata/jcdecaux_data_20250217_094001.json
Traceback (most recent call last):
  File "/opt/anaconda3/envs/COMP30830_Python3.12/lib/python3.13/site-packages/urllib3/connection.py", line 198, in _new_conn
    sock = connection.create_connection(
        (self._dns_host, self.port),
    ...<2 lines>...
        socket_options=self.socket_options,
    )
  File "/opt/anaconda3/envs/COMP30830_Python3.12/lib/python3.13/site-packages/urllib3/util/connection.py", line 60, in create_connection
    for res in socket.getaddrinfo(host, port, family, socket.SOCK_STREAM):
               ~~~~~~~~~~~~~~~~~~^^^^^^^^^^^^^^^^^^^^^^^^^^^^^^^^^^^^^^^^
  File "/opt/anaconda3/envs/COMP30830_Python3.12/lib/python3.13/socket.py", line 975, in getaddrinfo
    for res in _socket.getaddrinfo(host, port, family, type, proto, flags):
               ~~~~~~~~~~~~~~~~~~~^^^^^^^^^^^^^^^^^^^^^^^^^^^^^^^^^^^^^^^^
socket.gaierror: [Errno 8] nodename nor servname provided, or not known

The above exception was the direct cause of the following exception:

Traceback (most recent call last):
  File "/opt/anaconda3/envs/COMP30830_Python3.12/lib/python3.13/site-packages/urllib3/connectionpool.py", line 787, in urlopen
    response = self._make_request(
        conn,
    ...<10 lines>...
        **response_kw,
    )
  File "/opt/anaconda3/envs/COMP30830_Python3.12/lib/python3.13/site-packages/urllib3/connectionpool.py", line 488, in _make_request
    raise new_e
  File "/opt/anaconda3/envs/COMP30830_Python3.12/lib/python3.13/site-packages/urllib3/connectionpool.py", line 464, in _make_request
    self._validate_conn(conn)
    ~~~~~~~~~~~~~~~~~~~^^^^^^
  File "/opt/anaconda3/envs/COMP30830_Python3.12/lib/python3.13/site-packages/urllib3/connectionpool.py", line 1093, in _validate_conn
    conn.connect()
    ~~~~~~~~~~~~^^
  File "/opt/anaconda3/envs/COMP30830_Python3.12/lib/python3.13/site-packages/urllib3/connection.py", line 704, in connect
    self.sock = sock = self._new_conn()
                       ~~~~~~~~~~~~~~^^
  File "/opt/anaconda3/envs/COMP30830_Python3.12/lib/python3.13/site-packages/urllib3/connection.py", line 205, in _new_conn
    raise NameResolutionError(self.host, self, e) from e
urllib3.exceptions.NameResolutionError: <urllib3.connection.HTTPSConnection object at 0x106998ad0>: Failed to resolve 'api.jcdecaux.com' ([Errno 8] nodename nor servname provided, or not known)

The above exception was the direct cause of the following exception:

Traceback (most recent call last):
  File "/opt/anaconda3/envs/COMP30830_Python3.12/lib/python3.13/site-packages/requests/adapters.py", line 667, in send
    resp = conn.urlopen(
        method=request.method,
    ...<9 lines>...
        chunked=chunked,
    )
  File "/opt/anaconda3/envs/COMP30830_Python3.12/lib/python3.13/site-packages/urllib3/connectionpool.py", line 841, in urlopen
    retries = retries.increment(
        method, url, error=new_e, _pool=self, _stacktrace=sys.exc_info()[2]
    )
  File "/opt/anaconda3/envs/COMP30830_Python3.12/lib/python3.13/site-packages/urllib3/util/retry.py", line 519, in increment
    raise MaxRetryError(_pool, url, reason) from reason  # type: ignore[arg-type]
    ^^^^^^^^^^^^^^^^^^^^^^^^^^^^^^^^^^^^^^^^^^^^^^^^^^^
urllib3.exceptions.MaxRetryError: HTTPSConnectionPool(host='api.jcdecaux.com', port=443): Max retries exceeded with url: /vls/v1/stations?contract=dublin&apiKey=9347a60de1bf35e15ebac63cbeb87be30214d8b0 (Caused by NameResolutionError("<urllib3.connection.HTTPSConnection object at 0x106998ad0>: Failed to resolve 'api.jcdecaux.com' ([Errno 8] nodename nor servname provided, or not known)"))

During handling of the above exception, another exception occurred:

Traceback (most recent call last):
  File "/Users/simon/Desktop/COMP30830-Bicycle-Project/JCD_Download_Data.py", line 42, in <module>
    main()
    ~~~~^^
  File "/Users/simon/Desktop/COMP30830-Bicycle-Project/JCD_Download_Data.py", line 24, in main
    data = get_jcdecaux_data(API_KEY, CONTRACT)
  File "/Users/simon/Desktop/COMP30830-Bicycle-Project/JCD_Download_Data.py", line 18, in get_jcdecaux_data
    response = requests.get(url)
  File "/opt/anaconda3/envs/COMP30830_Python3.12/lib/python3.13/site-packages/requests/api.py", line 73, in get
    return request("get", url, params=params, **kwargs)
  File "/opt/anaconda3/envs/COMP30830_Python3.12/lib/python3.13/site-packages/requests/api.py", line 59, in request
    return session.request(method=method, url=url, **kwargs)
           ~~~~~~~~~~~~~~~^^^^^^^^^^^^^^^^^^^^^^^^^^^^^^^^^^
  File "/opt/anaconda3/envs/COMP30830_Python3.12/lib/python3.13/site-packages/requests/sessions.py", line 589, in request
    resp = self.send(prep, **send_kwargs)
  File "/opt/anaconda3/envs/COMP30830_Python3.12/lib/python3.13/site-packages/requests/sessions.py", line 703, in send
    r = adapter.send(request, **kwargs)
  File "/opt/anaconda3/envs/COMP30830_Python3.12/lib/python3.13/site-packages/requests/adapters.py", line 700, in send
    raise ConnectionError(e, request=request)
requests.exceptions.ConnectionError: HTTPSConnectionPool(host='api.jcdecaux.com', port=443): Max retries exceeded with url: /vls/v1/stations?contract=dublin&apiKey=9347a60de1bf35e15ebac63cbeb87be30214d8b0 (Caused by NameResolutionError("<urllib3.connection.HTTPSConnection object at 0x106998ad0>: Failed to resolve 'api.jcdecaux.com' ([Errno 8] nodename nor servname provided, or not known)"))
Data saved to /Users/simon/Desktop/COMP30830-Bicycle-Project/JCDdata/jcdecaux_data_20250217_110013.json
Traceback (most recent call last):
  File "/opt/anaconda3/envs/COMP30830_Python3.12/lib/python3.13/site-packages/urllib3/connection.py", line 198, in _new_conn
    sock = connection.create_connection(
        (self._dns_host, self.port),
    ...<2 lines>...
        socket_options=self.socket_options,
    )
  File "/opt/anaconda3/envs/COMP30830_Python3.12/lib/python3.13/site-packages/urllib3/util/connection.py", line 60, in create_connection
    for res in socket.getaddrinfo(host, port, family, socket.SOCK_STREAM):
               ~~~~~~~~~~~~~~~~~~^^^^^^^^^^^^^^^^^^^^^^^^^^^^^^^^^^^^^^^^
  File "/opt/anaconda3/envs/COMP30830_Python3.12/lib/python3.13/socket.py", line 975, in getaddrinfo
    for res in _socket.getaddrinfo(host, port, family, type, proto, flags):
               ~~~~~~~~~~~~~~~~~~~^^^^^^^^^^^^^^^^^^^^^^^^^^^^^^^^^^^^^^^^
socket.gaierror: [Errno 8] nodename nor servname provided, or not known

The above exception was the direct cause of the following exception:

Traceback (most recent call last):
  File "/opt/anaconda3/envs/COMP30830_Python3.12/lib/python3.13/site-packages/urllib3/connectionpool.py", line 787, in urlopen
    response = self._make_request(
        conn,
    ...<10 lines>...
        **response_kw,
    )
  File "/opt/anaconda3/envs/COMP30830_Python3.12/lib/python3.13/site-packages/urllib3/connectionpool.py", line 488, in _make_request
    raise new_e
  File "/opt/anaconda3/envs/COMP30830_Python3.12/lib/python3.13/site-packages/urllib3/connectionpool.py", line 464, in _make_request
    self._validate_conn(conn)
    ~~~~~~~~~~~~~~~~~~~^^^^^^
  File "/opt/anaconda3/envs/COMP30830_Python3.12/lib/python3.13/site-packages/urllib3/connectionpool.py", line 1093, in _validate_conn
    conn.connect()
    ~~~~~~~~~~~~^^
  File "/opt/anaconda3/envs/COMP30830_Python3.12/lib/python3.13/site-packages/urllib3/connection.py", line 704, in connect
    self.sock = sock = self._new_conn()
                       ~~~~~~~~~~~~~~^^
  File "/opt/anaconda3/envs/COMP30830_Python3.12/lib/python3.13/site-packages/urllib3/connection.py", line 205, in _new_conn
    raise NameResolutionError(self.host, self, e) from e
urllib3.exceptions.NameResolutionError: <urllib3.connection.HTTPSConnection object at 0x11155cad0>: Failed to resolve 'api.jcdecaux.com' ([Errno 8] nodename nor servname provided, or not known)

The above exception was the direct cause of the following exception:

Traceback (most recent call last):
  File "/opt/anaconda3/envs/COMP30830_Python3.12/lib/python3.13/site-packages/requests/adapters.py", line 667, in send
    resp = conn.urlopen(
        method=request.method,
    ...<9 lines>...
        chunked=chunked,
    )
  File "/opt/anaconda3/envs/COMP30830_Python3.12/lib/python3.13/site-packages/urllib3/connectionpool.py", line 841, in urlopen
    retries = retries.increment(
        method, url, error=new_e, _pool=self, _stacktrace=sys.exc_info()[2]
    )
  File "/opt/anaconda3/envs/COMP30830_Python3.12/lib/python3.13/site-packages/urllib3/util/retry.py", line 519, in increment
    raise MaxRetryError(_pool, url, reason) from reason  # type: ignore[arg-type]
    ^^^^^^^^^^^^^^^^^^^^^^^^^^^^^^^^^^^^^^^^^^^^^^^^^^^
urllib3.exceptions.MaxRetryError: HTTPSConnectionPool(host='api.jcdecaux.com', port=443): Max retries exceeded with url: /vls/v1/stations?contract=dublin&apiKey=9347a60de1bf35e15ebac63cbeb87be30214d8b0 (Caused by NameResolutionError("<urllib3.connection.HTTPSConnection object at 0x11155cad0>: Failed to resolve 'api.jcdecaux.com' ([Errno 8] nodename nor servname provided, or not known)"))

During handling of the above exception, another exception occurred:

Traceback (most recent call last):
  File "/Users/simon/Desktop/COMP30830-Bicycle-Project/JCD_Download_Data.py", line 42, in <module>
    main()
    ~~~~^^
  File "/Users/simon/Desktop/COMP30830-Bicycle-Project/JCD_Download_Data.py", line 24, in main
    data = get_jcdecaux_data(API_KEY, CONTRACT)
  File "/Users/simon/Desktop/COMP30830-Bicycle-Project/JCD_Download_Data.py", line 18, in get_jcdecaux_data
    response = requests.get(url)
  File "/opt/anaconda3/envs/COMP30830_Python3.12/lib/python3.13/site-packages/requests/api.py", line 73, in get
    return request("get", url, params=params, **kwargs)
  File "/opt/anaconda3/envs/COMP30830_Python3.12/lib/python3.13/site-packages/requests/api.py", line 59, in request
    return session.request(method=method, url=url, **kwargs)
           ~~~~~~~~~~~~~~~^^^^^^^^^^^^^^^^^^^^^^^^^^^^^^^^^^
  File "/opt/anaconda3/envs/COMP30830_Python3.12/lib/python3.13/site-packages/requests/sessions.py", line 589, in request
    resp = self.send(prep, **send_kwargs)
  File "/opt/anaconda3/envs/COMP30830_Python3.12/lib/python3.13/site-packages/requests/sessions.py", line 703, in send
    r = adapter.send(request, **kwargs)
  File "/opt/anaconda3/envs/COMP30830_Python3.12/lib/python3.13/site-packages/requests/adapters.py", line 700, in send
    raise ConnectionError(e, request=request)
requests.exceptions.ConnectionError: HTTPSConnectionPool(host='api.jcdecaux.com', port=443): Max retries exceeded with url: /vls/v1/stations?contract=dublin&apiKey=9347a60de1bf35e15ebac63cbeb87be30214d8b0 (Caused by NameResolutionError("<urllib3.connection.HTTPSConnection object at 0x11155cad0>: Failed to resolve 'api.jcdecaux.com' ([Errno 8] nodename nor servname provided, or not known)"))
Data saved to /Users/simon/Desktop/COMP30830-Bicycle-Project/JCDdata/jcdecaux_data_20250217_130000.json
Data saved to /Users/simon/Desktop/COMP30830-Bicycle-Project/JCDdata/jcdecaux_data_20250217_130501.json
Data saved to /Users/simon/Desktop/COMP30830-Bicycle-Project/JCDdata/jcdecaux_data_20250217_131000.json
Data saved to /Users/simon/Desktop/COMP30830-Bicycle-Project/JCDdata/jcdecaux_data_20250217_131501.json
Data saved to /Users/simon/Desktop/COMP30830-Bicycle-Project/JCDdata/jcdecaux_data_20250217_132000.json
Data saved to /Users/simon/Desktop/COMP30830-Bicycle-Project/JCDdata/jcdecaux_data_20250217_132502.json
Data saved to /Users/simon/Desktop/COMP30830-Bicycle-Project/JCDdata/jcdecaux_data_20250217_133001.json
Data saved to /Users/simon/Desktop/COMP30830-Bicycle-Project/JCDdata/jcdecaux_data_20250217_133501.json
Data saved to /Users/simon/Desktop/COMP30830-Bicycle-Project/JCDdata/jcdecaux_data_20250217_134001.json
Data saved to /Users/simon/Desktop/COMP30830-Bicycle-Project/JCDdata/jcdecaux_data_20250217_134501.json
Data saved to /Users/simon/Desktop/COMP30830-Bicycle-Project/JCDdata/jcdecaux_data_20250217_135001.json
Data saved to /Users/simon/Desktop/COMP30830-Bicycle-Project/JCDdata/jcdecaux_data_20250217_135501.json
Data saved to /Users/simon/Desktop/COMP30830-Bicycle-Project/JCDdata/jcdecaux_data_20250217_140130.json
Traceback (most recent call last):
  File "/opt/anaconda3/envs/COMP30830_Python3.12/lib/python3.13/site-packages/urllib3/connection.py", line 198, in _new_conn
    sock = connection.create_connection(
        (self._dns_host, self.port),
    ...<2 lines>...
        socket_options=self.socket_options,
    )
  File "/opt/anaconda3/envs/COMP30830_Python3.12/lib/python3.13/site-packages/urllib3/util/connection.py", line 60, in create_connection
    for res in socket.getaddrinfo(host, port, family, socket.SOCK_STREAM):
               ~~~~~~~~~~~~~~~~~~^^^^^^^^^^^^^^^^^^^^^^^^^^^^^^^^^^^^^^^^
  File "/opt/anaconda3/envs/COMP30830_Python3.12/lib/python3.13/socket.py", line 975, in getaddrinfo
    for res in _socket.getaddrinfo(host, port, family, type, proto, flags):
               ~~~~~~~~~~~~~~~~~~~^^^^^^^^^^^^^^^^^^^^^^^^^^^^^^^^^^^^^^^^
socket.gaierror: [Errno 8] nodename nor servname provided, or not known

The above exception was the direct cause of the following exception:

Traceback (most recent call last):
  File "/opt/anaconda3/envs/COMP30830_Python3.12/lib/python3.13/site-packages/urllib3/connectionpool.py", line 787, in urlopen
    response = self._make_request(
        conn,
    ...<10 lines>...
        **response_kw,
    )
  File "/opt/anaconda3/envs/COMP30830_Python3.12/lib/python3.13/site-packages/urllib3/connectionpool.py", line 488, in _make_request
    raise new_e
  File "/opt/anaconda3/envs/COMP30830_Python3.12/lib/python3.13/site-packages/urllib3/connectionpool.py", line 464, in _make_request
    self._validate_conn(conn)
    ~~~~~~~~~~~~~~~~~~~^^^^^^
  File "/opt/anaconda3/envs/COMP30830_Python3.12/lib/python3.13/site-packages/urllib3/connectionpool.py", line 1093, in _validate_conn
    conn.connect()
    ~~~~~~~~~~~~^^
  File "/opt/anaconda3/envs/COMP30830_Python3.12/lib/python3.13/site-packages/urllib3/connection.py", line 704, in connect
    self.sock = sock = self._new_conn()
                       ~~~~~~~~~~~~~~^^
  File "/opt/anaconda3/envs/COMP30830_Python3.12/lib/python3.13/site-packages/urllib3/connection.py", line 205, in _new_conn
    raise NameResolutionError(self.host, self, e) from e
urllib3.exceptions.NameResolutionError: <urllib3.connection.HTTPSConnection object at 0x1066f4ad0>: Failed to resolve 'api.jcdecaux.com' ([Errno 8] nodename nor servname provided, or not known)

The above exception was the direct cause of the following exception:

Traceback (most recent call last):
  File "/opt/anaconda3/envs/COMP30830_Python3.12/lib/python3.13/site-packages/requests/adapters.py", line 667, in send
    resp = conn.urlopen(
        method=request.method,
    ...<9 lines>...
        chunked=chunked,
    )
  File "/opt/anaconda3/envs/COMP30830_Python3.12/lib/python3.13/site-packages/urllib3/connectionpool.py", line 841, in urlopen
    retries = retries.increment(
        method, url, error=new_e, _pool=self, _stacktrace=sys.exc_info()[2]
    )
  File "/opt/anaconda3/envs/COMP30830_Python3.12/lib/python3.13/site-packages/urllib3/util/retry.py", line 519, in increment
    raise MaxRetryError(_pool, url, reason) from reason  # type: ignore[arg-type]
    ^^^^^^^^^^^^^^^^^^^^^^^^^^^^^^^^^^^^^^^^^^^^^^^^^^^
urllib3.exceptions.MaxRetryError: HTTPSConnectionPool(host='api.jcdecaux.com', port=443): Max retries exceeded with url: /vls/v1/stations?contract=dublin&apiKey=9347a60de1bf35e15ebac63cbeb87be30214d8b0 (Caused by NameResolutionError("<urllib3.connection.HTTPSConnection object at 0x1066f4ad0>: Failed to resolve 'api.jcdecaux.com' ([Errno 8] nodename nor servname provided, or not known)"))

During handling of the above exception, another exception occurred:

Traceback (most recent call last):
  File "/Users/simon/Desktop/COMP30830-Bicycle-Project/JCD_Download_Data.py", line 42, in <module>
    main()
    ~~~~^^
  File "/Users/simon/Desktop/COMP30830-Bicycle-Project/JCD_Download_Data.py", line 24, in main
    data = get_jcdecaux_data(API_KEY, CONTRACT)
  File "/Users/simon/Desktop/COMP30830-Bicycle-Project/JCD_Download_Data.py", line 18, in get_jcdecaux_data
    response = requests.get(url)
  File "/opt/anaconda3/envs/COMP30830_Python3.12/lib/python3.13/site-packages/requests/api.py", line 73, in get
    return request("get", url, params=params, **kwargs)
  File "/opt/anaconda3/envs/COMP30830_Python3.12/lib/python3.13/site-packages/requests/api.py", line 59, in request
    return session.request(method=method, url=url, **kwargs)
           ~~~~~~~~~~~~~~~^^^^^^^^^^^^^^^^^^^^^^^^^^^^^^^^^^
  File "/opt/anaconda3/envs/COMP30830_Python3.12/lib/python3.13/site-packages/requests/sessions.py", line 589, in request
    resp = self.send(prep, **send_kwargs)
  File "/opt/anaconda3/envs/COMP30830_Python3.12/lib/python3.13/site-packages/requests/sessions.py", line 703, in send
    r = adapter.send(request, **kwargs)
  File "/opt/anaconda3/envs/COMP30830_Python3.12/lib/python3.13/site-packages/requests/adapters.py", line 700, in send
    raise ConnectionError(e, request=request)
requests.exceptions.ConnectionError: HTTPSConnectionPool(host='api.jcdecaux.com', port=443): Max retries exceeded with url: /vls/v1/stations?contract=dublin&apiKey=9347a60de1bf35e15ebac63cbeb87be30214d8b0 (Caused by NameResolutionError("<urllib3.connection.HTTPSConnection object at 0x1066f4ad0>: Failed to resolve 'api.jcdecaux.com' ([Errno 8] nodename nor servname provided, or not known)"))
Data saved to /Users/simon/Desktop/COMP30830-Bicycle-Project/JCDdata/jcdecaux_data_20250217_141016.json
Data saved to /Users/simon/Desktop/COMP30830-Bicycle-Project/JCDdata/jcdecaux_data_20250217_150501.json
Data saved to /Users/simon/Desktop/COMP30830-Bicycle-Project/JCDdata/jcdecaux_data_20250217_151001.json
Data saved to /Users/simon/Desktop/COMP30830-Bicycle-Project/JCDdata/jcdecaux_data_20250217_151501.json
Data saved to /Users/simon/Desktop/COMP30830-Bicycle-Project/JCDdata/jcdecaux_data_20250217_152002.json
Data saved to /Users/simon/Desktop/COMP30830-Bicycle-Project/JCDdata/jcdecaux_data_20250217_152502.json
Data saved to /Users/simon/Desktop/COMP30830-Bicycle-Project/JCDdata/jcdecaux_data_20250217_153027.json
Data saved to /Users/simon/Desktop/COMP30830-Bicycle-Project/JCDdata/jcdecaux_data_20250217_153502.json
Data saved to /Users/simon/Desktop/COMP30830-Bicycle-Project/JCDdata/jcdecaux_data_20250217_154001.json
Data saved to /Users/simon/Desktop/COMP30830-Bicycle-Project/JCDdata/jcdecaux_data_20250217_154501.json
Data saved to /Users/simon/Desktop/COMP30830-Bicycle-Project/JCDdata/jcdecaux_data_20250217_155002.json
Data saved to /Users/simon/Desktop/COMP30830-Bicycle-Project/JCDdata/jcdecaux_data_20250217_155501.json
Data saved to /Users/simon/Desktop/COMP30830-Bicycle-Project/JCDdata/jcdecaux_data_20250217_160001.json
Data saved to /Users/simon/Desktop/COMP30830-Bicycle-Project/JCDdata/jcdecaux_data_20250217_160502.json
Data saved to /Users/simon/Desktop/COMP30830-Bicycle-Project/JCDdata/jcdecaux_data_20250217_161001.json
Data saved to /Users/simon/Desktop/COMP30830-Bicycle-Project/JCDdata/jcdecaux_data_20250217_161501.json
Data saved to /Users/simon/Desktop/COMP30830-Bicycle-Project/JCDdata/jcdecaux_data_20250217_162002.json
Data saved to /Users/simon/Desktop/COMP30830-Bicycle-Project/JCDdata/jcdecaux_data_20250217_162534.json
Data saved to /Users/simon/Desktop/COMP30830-Bicycle-Project/JCDdata/jcdecaux_data_20250217_163014.json
Data saved to /Users/simon/Desktop/COMP30830-Bicycle-Project/JCDdata/jcdecaux_data_20250217_173001.json
Data saved to /Users/simon/Desktop/COMP30830-Bicycle-Project/JCDdata/jcdecaux_data_20250217_173501.json
Data saved to /Users/simon/Desktop/COMP30830-Bicycle-Project/JCDdata/jcdecaux_data_20250217_174025.json
Data saved to /Users/simon/Desktop/COMP30830-Bicycle-Project/JCDdata/jcdecaux_data_20250217_174500.json
Data saved to /Users/simon/Desktop/COMP30830-Bicycle-Project/JCDdata/jcdecaux_data_20250217_175001.json
Data saved to /Users/simon/Desktop/COMP30830-Bicycle-Project/JCDdata/jcdecaux_data_20250217_175501.json
Data saved to /Users/simon/Desktop/COMP30830-Bicycle-Project/JCDdata/jcdecaux_data_20250217_180001.json
Data saved to /Users/simon/Desktop/COMP30830-Bicycle-Project/JCDdata/jcdecaux_data_20250217_180500.csv
